<?xml version="1.0" encoding="UTF-8"?>
<!-- Generated by org.testng.reporters.JUnitXMLReporter -->
<testsuite ignored="0" hostname="Z422" failures="0" tests="5" name="Default test" time="37.642" errors="0" timestamp="2022-11-20T22:18:35 IST">
  <testcase classname="com.restapi.testcase.TCAll_RestApi" name="getAllEmpRecords" time="11.04"/>
  <testcase classname="com.restapi.testcase.TCAll_RestApi" name="postNewEmpRecord" time="6.767"/>
  <testcase classname="com.restapi.testcase.TCAll_RestApi" name="getSingleEmpRecord" time="6.563"/>
  <testcase classname="com.restapi.testcase.TCAll_RestApi" name="putEmpRecord" time="6.503"/>
  <testcase classname="com.restapi.testcase.TCAll_RestApi" name="deleteEmpRecord" time="6.574"/>
</testsuite> <!-- Default test -->
