<?xml version="1.0" encoding="UTF-8"?>
<!-- Generated by org.testng.reporters.JUnitXMLReporter -->
<testsuite ignored="4" hostname="Z422" failures="6" tests="42" name="Test" time="34.301" errors="0" timestamp="2022-11-19T22:31:17 IST">
  <testcase classname="com.restapi.testcase.TC01_GetAllEmpTest" name="getAllEmployees" time="7.702"/>
  <testcase classname="com.restapi.testcase.TC01_GetAllEmpTest" name="checkResponseBody" time="0.098"/>
  <testcase classname="com.restapi.testcase.TC01_GetAllEmpTest" name="checkStatusCode" time="0.014"/>
  <testcase classname="com.restapi.testcase.TC01_GetAllEmpTest" name="checkResponseTime" time="0.015"/>
  <testcase classname="com.restapi.testcase.TC01_GetAllEmpTest" name="checkStatusLine" time="0.007"/>
  <testcase classname="com.restapi.testcase.TC01_GetAllEmpTest" name="checkContentType" time="0.007"/>
  <testcase classname="com.restapi.testcase.TC01_GetAllEmpTest" name="checkServer" time="0.014"/>
  <testcase classname="com.restapi.testcase.TC01_GetAllEmpTest" name="checkContentEncoding" time="0.011"/>
  <testcase classname="com.restapi.testcase.TC01_GetAllEmpTest" name="checkContentLength" time="0.015">
    <failure type="java.lang.NumberFormatException" message="Cannot parse null string">
      <![CDATA[java.lang.NumberFormatException: Cannot parse null string
at java.base/java.lang.Integer.parseInt(Integer.java:630)
at java.base/java.lang.Integer.parseInt(Integer.java:784)
at com.restapi.testcase.TC01_GetAllEmpTest.checkContentLength(TC01_GetAllEmpTest.java:112)
at java.base/java.util.ArrayList.forEach(ArrayList.java:1511)
... Removed 25 stack frames]]>
    </failure>
  </testcase> <!-- checkContentLength -->
  <testcase classname="com.restapi.testcase.TC01_GetAllEmpTest" name="checkCookie" time="0.014"/>
  <testcase classname="com.restapi.testcase.TC02_PostEmpTest" name="postEmpDetailRequest" time="5.903"/>
  <testcase classname="com.restapi.testcase.TC02_PostEmpTest" name="checkResponseBody" time="0.015"/>
  <testcase classname="com.restapi.testcase.TC02_PostEmpTest" name="checkStatusCode" time="0.004"/>
  <testcase classname="com.restapi.testcase.TC02_PostEmpTest" name="checkResponseTime" time="0.014"/>
  <testcase classname="com.restapi.testcase.TC02_PostEmpTest" name="checkStatusLine" time="0.006"/>
  <testcase classname="com.restapi.testcase.TC02_PostEmpTest" name="checkContentType" time="0.006"/>
  <testcase classname="com.restapi.testcase.TC02_PostEmpTest" name="checkServer" time="0.005"/>
  <testcase classname="com.restapi.testcase.TC02_PostEmpTest" name="checkContentLength" time="0.004"/>
  <testcase classname="com.restapi.testcase.TC03_GetSingleEmpTest" name="getSingleEmpDetails" time="5.785"/>
  <testcase classname="com.restapi.testcase.TC03_GetSingleEmpTest" name="checkResponseBody" time="0.01"/>
  <testcase classname="com.restapi.testcase.TC03_GetSingleEmpTest" name="checkStatusCode" time="0.003"/>
  <testcase classname="com.restapi.testcase.TC03_GetSingleEmpTest" name="checkResponseTime" time="0.008"/>
  <testcase classname="com.restapi.testcase.TC03_GetSingleEmpTest" name="checkStatusLine" time="0.005"/>
  <testcase classname="com.restapi.testcase.TC03_GetSingleEmpTest" name="checkContentType" time="0.004"/>
  <testcase classname="com.restapi.testcase.TC03_GetSingleEmpTest" name="checkServer" time="0.007"/>
  <testcase classname="com.restapi.testcase.TC03_GetSingleEmpTest" name="checkContentLength" time="0.008"/>
  <testcase classname="com.restapi.testcase.TC04_PutEmpDetailTest" name="putEmployeeRecords" time="5.886"/>
  <testcase classname="com.restapi.testcase.TC04_PutEmpDetailTest" name="checkResponseBody" time="0.063">
    <failure type="java.lang.AssertionError" message="expected [true] but found [false]">
      <![CDATA[java.lang.AssertionError: expected [true] but found [false]
at com.restapi.testcase.TC04_PutEmpDetailTest.checkResponseBody(TC04_PutEmpDetailTest.java:51)
at java.base/java.util.ArrayList.forEach(ArrayList.java:1511)
... Removed 29 stack frames]]>
    </failure>
  </testcase> <!-- checkResponseBody -->
  <testcase classname="com.restapi.testcase.TC04_PutEmpDetailTest" name="checkStatusCode" time="0.005">
    <failure type="java.lang.AssertionError" message="expected [200] but found [429]">
      <![CDATA[java.lang.AssertionError: expected [200] but found [429]
at com.restapi.testcase.TC04_PutEmpDetailTest.checkStatusCode(TC04_PutEmpDetailTest.java:64)
at java.base/java.util.ArrayList.forEach(ArrayList.java:1511)
... Removed 31 stack frames]]>
    </failure>
  </testcase> <!-- checkStatusCode -->
  <testcase classname="com.restapi.testcase.TC04_PutEmpDetailTest" name="checkResponseTime" time="0.003"/>
  <testcase classname="com.restapi.testcase.TC04_PutEmpDetailTest" name="checkStatusLine" time="0.006">
    <failure type="java.lang.AssertionError" message="expected [HTTP/1.1 200 OK] but found [HTTP/1.1 429 Too Many Requests]">
      <![CDATA[java.lang.AssertionError: expected [HTTP/1.1 200 OK] but found [HTTP/1.1 429 Too Many Requests]
at com.restapi.testcase.TC04_PutEmpDetailTest.checkStatusLine(TC04_PutEmpDetailTest.java:88)
at java.base/java.util.ArrayList.forEach(ArrayList.java:1511)
... Removed 31 stack frames]]>
    </failure>
  </testcase> <!-- checkStatusLine -->
  <testcase classname="com.restapi.testcase.TC04_PutEmpDetailTest" name="checkContentType" time="0.01">
    <failure type="java.lang.AssertionError" message="expected [application/json] but found [text/html; charset=UTF-8]">
      <![CDATA[java.lang.AssertionError: expected [application/json] but found [text/html; charset=UTF-8]
at com.restapi.testcase.TC04_PutEmpDetailTest.checkContentType(TC04_PutEmpDetailTest.java:99)
at java.base/java.util.ArrayList.forEach(ArrayList.java:1511)
... Removed 31 stack frames]]>
    </failure>
  </testcase> <!-- checkContentType -->
  <testcase classname="com.restapi.testcase.TC04_PutEmpDetailTest" name="checkServer" time="0.007"/>
  <testcase classname="com.restapi.testcase.TC04_PutEmpDetailTest" name="checkContentLength" time="0.009">
    <failure type="java.lang.NumberFormatException" message="Cannot parse null string">
      <![CDATA[java.lang.NumberFormatException: Cannot parse null string
at java.base/java.lang.Integer.parseInt(Integer.java:630)
at java.base/java.lang.Integer.parseInt(Integer.java:784)
at com.restapi.testcase.TC04_PutEmpDetailTest.checkContentLength(TC04_PutEmpDetailTest.java:132)
at java.base/java.util.ArrayList.forEach(ArrayList.java:1511)
... Removed 25 stack frames]]>
    </failure>
  </testcase> <!-- checkContentLength -->
  <testcase classname="com.restapi.testcase.TC05_DeleteEmpRecordTest" name="deleteEmployeRecord" time="5.816"/>
  <testcase classname="com.restapi.testcase.TC05_DeleteEmpRecordTest" name="checkResponseBody" time="0.004"/>
  <testcase classname="com.restapi.testcase.TC05_DeleteEmpRecordTest" name="checkStatusCode" time="0.005"/>
  <testcase classname="com.restapi.testcase.TC05_DeleteEmpRecordTest" name="checkResponseTime" time="0.017"/>
  <testcase classname="com.restapi.testcase.TC05_DeleteEmpRecordTest" name="checkStatusLine" time="0.005"/>
  <testcase classname="com.restapi.testcase.TC05_DeleteEmpRecordTest" name="checkContentType" time="0.006"/>
  <testcase classname="com.restapi.testcase.TC05_DeleteEmpRecordTest" name="checkServer" time="0.013"/>
  <testcase classname="com.restapi.testcase.TC05_DeleteEmpRecordTest" name="checkContentLength" time="0.012"/>
  <testcase classname="com.restapi.testcase.TC05_DeleteEmpRecordTest" name="checkContentEncoding" time="0.0">
    <ignored/>
  </testcase> <!-- checkContentEncoding -->
  <testcase classname="com.restapi.testcase.TC02_PostEmpTest" name="checkContentEncoding" time="0.0">
    <ignored/>
  </testcase> <!-- checkContentEncoding -->
  <testcase classname="com.restapi.testcase.TC04_PutEmpDetailTest" name="checkContentEncoding" time="0.0">
    <ignored/>
  </testcase> <!-- checkContentEncoding -->
  <testcase classname="com.restapi.testcase.TC03_GetSingleEmpTest" name="checkContentEncoding" time="0.0">
    <ignored/>
  </testcase> <!-- checkContentEncoding -->
</testsuite> <!-- Test -->
