<?xml version="1.0" encoding="UTF-8"?>
<!-- Generated by org.testng.reporters.JUnitXMLReporter -->
<testsuite ignored="7" hostname="Z422" failures="13" tests="39" name="Api Test" time="33.901" errors="0" timestamp="2022-11-20T02:19:29 IST">
  <testcase classname="com.restapi.testcase.TC01_GetAllEmpTest" name="getAllEmployees" time="7.399"/>
  <testcase classname="com.restapi.testcase.TC01_GetAllEmpTest" name="checkResponseBody" time="0.076"/>
  <testcase classname="com.restapi.testcase.TC01_GetAllEmpTest" name="checkStatusCode" time="0.007"/>
  <testcase classname="com.restapi.testcase.TC01_GetAllEmpTest" name="checkResponseTime" time="0.01"/>
  <testcase classname="com.restapi.testcase.TC01_GetAllEmpTest" name="checkStatusLine" time="0.018"/>
  <testcase classname="com.restapi.testcase.TC01_GetAllEmpTest" name="checkContentType" time="0.009"/>
  <testcase classname="com.restapi.testcase.TC01_GetAllEmpTest" name="checkServer" time="0.006"/>
  <testcase classname="com.restapi.testcase.TC01_GetAllEmpTest" name="checkContentEncoding" time="0.007"/>
  <testcase classname="com.restapi.testcase.TC02_PostEmpTest" name="postEmpDetailRequest" time="5.897"/>
  <testcase classname="com.restapi.testcase.TC02_PostEmpTest" name="checkResponseBody" time="0.06">
    <failure type="java.lang.AssertionError" message="expected [true] but found [false]">
      <![CDATA[java.lang.AssertionError: expected [true] but found [false]
at com.restapi.testcase.TC02_PostEmpTest.checkResponseBody(TC02_PostEmpTest.java:51)
at java.base/java.util.ArrayList.forEach(ArrayList.java:1511)
... Removed 31 stack frames]]>
    </failure>
  </testcase> <!-- checkResponseBody -->
  <testcase classname="com.restapi.testcase.TC02_PostEmpTest" name="checkStatusCode" time="0.005">
    <failure type="java.lang.AssertionError" message="expected [200] but found [429]">
      <![CDATA[java.lang.AssertionError: expected [200] but found [429]
at com.restapi.testcase.TC02_PostEmpTest.checkStatusCode(TC02_PostEmpTest.java:64)
at java.base/java.util.ArrayList.forEach(ArrayList.java:1511)
... Removed 31 stack frames]]>
    </failure>
  </testcase> <!-- checkStatusCode -->
  <testcase classname="com.restapi.testcase.TC02_PostEmpTest" name="checkResponseTime" time="0.008"/>
  <testcase classname="com.restapi.testcase.TC02_PostEmpTest" name="checkStatusLine" time="0.005">
    <failure type="java.lang.AssertionError" message="expected [HTTP/1.1 200 OK] but found [HTTP/1.1 429 Too Many Requests]">
      <![CDATA[java.lang.AssertionError: expected [HTTP/1.1 200 OK] but found [HTTP/1.1 429 Too Many Requests]
at com.restapi.testcase.TC02_PostEmpTest.checkStatusLine(TC02_PostEmpTest.java:88)
at java.base/java.util.ArrayList.forEach(ArrayList.java:1511)
... Removed 31 stack frames]]>
    </failure>
  </testcase> <!-- checkStatusLine -->
  <testcase classname="com.restapi.testcase.TC02_PostEmpTest" name="checkContentType" time="0.01">
    <failure type="java.lang.AssertionError" message="expected [application/json] but found [text/html; charset=UTF-8]">
      <![CDATA[java.lang.AssertionError: expected [application/json] but found [text/html; charset=UTF-8]
at com.restapi.testcase.TC02_PostEmpTest.checkContentType(TC02_PostEmpTest.java:99)
at java.base/java.util.ArrayList.forEach(ArrayList.java:1511)
... Removed 31 stack frames]]>
    </failure>
  </testcase> <!-- checkContentType -->
  <testcase classname="com.restapi.testcase.TC02_PostEmpTest" name="checkServer" time="0.006"/>
  <testcase classname="com.restapi.testcase.TC02_PostEmpTest" name="checkContentLength" time="0.023">
    <failure type="java.lang.NumberFormatException" message="Cannot parse null string">
      <![CDATA[java.lang.NumberFormatException: Cannot parse null string
at java.base/java.lang.Integer.parseInt(Integer.java:630)
at java.base/java.lang.Integer.parseInt(Integer.java:784)
at com.restapi.testcase.TC02_PostEmpTest.checkContentLength(TC02_PostEmpTest.java:132)
at java.base/java.util.ArrayList.forEach(ArrayList.java:1511)
... Removed 25 stack frames]]>
    </failure>
  </testcase> <!-- checkContentLength -->
  <testcase classname="com.restapi.testcase.TC03_GetSingleEmpTest" name="getSingleEmpDetails" time="5.888"/>
  <testcase classname="com.restapi.testcase.TC03_GetSingleEmpTest" name="checkResponseBody" time="0.023"/>
  <testcase classname="com.restapi.testcase.TC03_GetSingleEmpTest" name="checkStatusCode" time="0.007">
    <failure type="java.lang.AssertionError" message="expected [200] but found [429]">
      <![CDATA[java.lang.AssertionError: expected [200] but found [429]
at com.restapi.testcase.TC03_GetSingleEmpTest.checkStatusCode(TC03_GetSingleEmpTest.java:48)
at java.base/java.util.ArrayList.forEach(ArrayList.java:1511)
... Removed 31 stack frames]]>
    </failure>
  </testcase> <!-- checkStatusCode -->
  <testcase classname="com.restapi.testcase.TC03_GetSingleEmpTest" name="checkResponseTime" time="0.032"/>
  <testcase classname="com.restapi.testcase.TC03_GetSingleEmpTest" name="checkStatusLine" time="0.005">
    <failure type="java.lang.AssertionError" message="expected [HTTP/1.1 200 OK] but found [HTTP/1.1 429 Too Many Requests]">
      <![CDATA[java.lang.AssertionError: expected [HTTP/1.1 200 OK] but found [HTTP/1.1 429 Too Many Requests]
at com.restapi.testcase.TC03_GetSingleEmpTest.checkStatusLine(TC03_GetSingleEmpTest.java:72)
at java.base/java.util.ArrayList.forEach(ArrayList.java:1511)
... Removed 31 stack frames]]>
    </failure>
  </testcase> <!-- checkStatusLine -->
  <testcase classname="com.restapi.testcase.TC03_GetSingleEmpTest" name="checkContentType" time="0.01">
    <failure type="java.lang.AssertionError" message="expected [application/json] but found [text/html; charset=UTF-8]">
      <![CDATA[java.lang.AssertionError: expected [application/json] but found [text/html; charset=UTF-8]
at com.restapi.testcase.TC03_GetSingleEmpTest.checkContentType(TC03_GetSingleEmpTest.java:83)
at java.base/java.util.ArrayList.forEach(ArrayList.java:1511)
... Removed 31 stack frames]]>
    </failure>
  </testcase> <!-- checkContentType -->
  <testcase classname="com.restapi.testcase.TC03_GetSingleEmpTest" name="checkServer" time="0.007"/>
  <testcase classname="com.restapi.testcase.TC04_PutEmpDetailTest" name="putEmployeeRecords" time="5.912"/>
  <testcase classname="com.restapi.testcase.TC04_PutEmpDetailTest" name="checkResponseBody" time="0.006"/>
  <testcase classname="com.restapi.testcase.TC04_PutEmpDetailTest" name="checkStatusCode" time="0.003"/>
  <testcase classname="com.restapi.testcase.TC04_PutEmpDetailTest" name="checkResponseTime" time="0.005"/>
  <testcase classname="com.restapi.testcase.TC04_PutEmpDetailTest" name="checkStatusLine" time="0.004"/>
  <testcase classname="com.restapi.testcase.TC04_PutEmpDetailTest" name="checkContentType" time="0.005"/>
  <testcase classname="com.restapi.testcase.TC04_PutEmpDetailTest" name="checkServer" time="0.005"/>
  <testcase classname="com.restapi.testcase.TC04_PutEmpDetailTest" name="checkContentLength" time="0.009"/>
  <testcase classname="com.restapi.testcase.TC05_DeleteEmpRecordTest" name="deleteEmployeRecord" time="5.919"/>
  <testcase classname="com.restapi.testcase.TC05_DeleteEmpRecordTest" name="checkResponseBody" time="0.008">
    <failure type="java.lang.AssertionError" message="expected [true] but found [false]">
      <![CDATA[java.lang.AssertionError: expected [true] but found [false]
at com.restapi.testcase.TC05_DeleteEmpRecordTest.checkResponseBody(TC05_DeleteEmpRecordTest.java:37)
at java.base/java.util.ArrayList.forEach(ArrayList.java:1511)
... Removed 31 stack frames]]>
    </failure>
  </testcase> <!-- checkResponseBody -->
  <testcase classname="com.restapi.testcase.TC05_DeleteEmpRecordTest" name="checkStatusCode" time="0.008">
    <failure type="java.lang.AssertionError" message="expected [200] but found [429]">
      <![CDATA[java.lang.AssertionError: expected [200] but found [429]
at com.restapi.testcase.TC05_DeleteEmpRecordTest.checkStatusCode(TC05_DeleteEmpRecordTest.java:48)
at java.base/java.util.ArrayList.forEach(ArrayList.java:1511)
... Removed 31 stack frames]]>
    </failure>
  </testcase> <!-- checkStatusCode -->
  <testcase classname="com.restapi.testcase.TC05_DeleteEmpRecordTest" name="checkResponseTime" time="0.007"/>
  <testcase classname="com.restapi.testcase.TC05_DeleteEmpRecordTest" name="checkStatusLine" time="0.003">
    <failure type="java.lang.AssertionError" message="expected [HTTP/1.1 200 OK] but found [HTTP/1.1 429 Too Many Requests]">
      <![CDATA[java.lang.AssertionError: expected [HTTP/1.1 200 OK] but found [HTTP/1.1 429 Too Many Requests]
at com.restapi.testcase.TC05_DeleteEmpRecordTest.checkStatusLine(TC05_DeleteEmpRecordTest.java:72)
at java.base/java.util.ArrayList.forEach(ArrayList.java:1511)
... Removed 31 stack frames]]>
    </failure>
  </testcase> <!-- checkStatusLine -->
  <testcase classname="com.restapi.testcase.TC05_DeleteEmpRecordTest" name="checkContentType" time="0.004">
    <failure type="java.lang.AssertionError" message="expected [application/json] but found [text/html; charset=UTF-8]">
      <![CDATA[java.lang.AssertionError: expected [application/json] but found [text/html; charset=UTF-8]
at com.restapi.testcase.TC05_DeleteEmpRecordTest.checkContentType(TC05_DeleteEmpRecordTest.java:83)
at java.base/java.util.ArrayList.forEach(ArrayList.java:1511)
... Removed 31 stack frames]]>
    </failure>
  </testcase> <!-- checkContentType -->
  <testcase classname="com.restapi.testcase.TC05_DeleteEmpRecordTest" name="checkServer" time="0.005"/>
  <testcase classname="com.restapi.testcase.TC05_DeleteEmpRecordTest" name="checkContentLength" time="0.004">
    <failure type="java.lang.NumberFormatException" message="Cannot parse null string">
      <![CDATA[java.lang.NumberFormatException: Cannot parse null string
at java.base/java.lang.Integer.parseInt(Integer.java:630)
at java.base/java.lang.Integer.parseInt(Integer.java:784)
at com.restapi.testcase.TC05_DeleteEmpRecordTest.checkContentLength(TC05_DeleteEmpRecordTest.java:116)
at java.base/java.util.ArrayList.forEach(ArrayList.java:1511)
... Removed 25 stack frames]]>
    </failure>
  </testcase> <!-- checkContentLength -->
  <testcase classname="com.restapi.testcase.TC05_DeleteEmpRecordTest" name="checkContentEncoding" time="0.0">
    <ignored/>
  </testcase> <!-- checkContentEncoding -->
  <testcase classname="com.restapi.testcase.TC01_GetAllEmpTest" name="checkCookie" time="0.0">
    <ignored/>
  </testcase> <!-- checkCookie -->
  <testcase classname="com.restapi.testcase.TC01_GetAllEmpTest" name="checkContentLength" time="0.0">
    <ignored/>
  </testcase> <!-- checkContentLength -->
  <testcase classname="com.restapi.testcase.TC03_GetSingleEmpTest" name="checkContentLength" time="0.0">
    <ignored/>
  </testcase> <!-- checkContentLength -->
  <testcase classname="com.restapi.testcase.TC02_PostEmpTest" name="checkContentEncoding" time="0.0">
    <ignored/>
  </testcase> <!-- checkContentEncoding -->
  <testcase classname="com.restapi.testcase.TC04_PutEmpDetailTest" name="checkContentEncoding" time="0.0">
    <ignored/>
  </testcase> <!-- checkContentEncoding -->
  <testcase classname="com.restapi.testcase.TC03_GetSingleEmpTest" name="checkContentEncoding" time="0.0">
    <ignored/>
  </testcase> <!-- checkContentEncoding -->
</testsuite> <!-- Api Test -->
